# JRE version: Java(TM) SE Runtime Environment 18.9 (11.0.21+9) (build 11.0.21+9-LTS-193)
# Java VM: Java HotSpot(TM) 64-Bit Server VM 18.9 (11.0.21+9-LTS-193, mixed mode, tiered, compressed oops, g1 gc, windows-amd64)
Heap:
 garbage-first heap   total 258048K, used 65821K [0x0000000705200000, 0x0000000800000000)
  region size 1024K, 56 young (57344K), 2 survivors (2048K)
 Metaspace       used 31445K, capacity 32416K, committed 32512K, reserved 1077248K
  class space    used 3632K, capacity 4024K, committed 4096K, reserved 1048576K
GC Heap History (6 events):
Event: 0.421 GC heap before
{Heap before GC invocations=0 (full 0):
 garbage-first heap   total 258048K, used 24576K [0x0000000705200000, 0x0000000800000000)
  region size 1024K, 24 young (24576K), 0 survivors (0K)
 Metaspace       used 11997K, capacity 12369K, committed 12672K, reserved 1060864K
  class space    used 1181K, capacity 1312K, committed 1408K, reserved 1048576K
}
Event: 0.425 GC heap after
{Heap after GC invocations=1 (full 0):
 garbage-first heap   total 258048K, used 8476K [0x0000000705200000, 0x0000000800000000)
  region size 1024K, 3 young (3072K), 3 survivors (3072K)
 Metaspace       used 11997K, capacity 12369K, committed 12672K, reserved 1060864K
  class space    used 1181K, capacity 1312K, committed 1408K, reserved 1048576K
}
Event: 0.826 GC heap before
{Heap before GC invocations=1 (full 0):
 garbage-first heap   total 258048K, used 46364K [0x0000000705200000, 0x0000000800000000)
  region size 1024K, 41 young (41984K), 3 survivors (3072K)
 Metaspace       used 20667K, capacity 21204K, committed 21248K, reserved 1069056K
  class space    used 2289K, capacity 2527K, committed 2560K, reserved 1048576K
}
Event: 0.831 GC heap after
{Heap after GC invocations=2 (full 0):
 garbage-first heap   total 258048K, used 10600K [0x0000000705200000, 0x0000000800000000)
  region size 1024K, 6 young (6144K), 6 survivors (6144K)
 Metaspace       used 20667K, capacity 21204K, committed 21248K, reserved 1069056K
  class space    used 2289K, capacity 2527K, committed 2560K, reserved 1048576K
}
Event: 1.064 GC heap before
{Heap before GC invocations=3 (full 0):
 garbage-first heap   total 258048K, used 33128K [0x0000000705200000, 0x0000000800000000)
  region size 1024K, 29 young (29696K), 6 survivors (6144K)
 Metaspace       used 23851K, capacity 24622K, committed 24960K, reserved 1071104K
  class space    used 2757K, capacity 3105K, committed 3200K, reserved 1048576K
}
Event: 1.069 GC heap after
{Heap after GC invocations=4 (full 0):
 garbage-first heap   total 258048K, used 12573K [0x0000000705200000, 0x0000000800000000)
  region size 1024K, 2 young (2048K), 2 survivors (2048K)
 Metaspace       used 23851K, capacity 24622K, committed 24960K, reserved 1071104K
  class space    used 2757K, capacity 3105K, committed 3200K, reserved 1048576K
}

