# JRE version: Java(TM) SE Runtime Environment 18.9 (11.0.21+9) (build 11.0.21+9-LTS-193)
# Java VM: Java HotSpot(TM) 64-Bit Server VM 18.9 (11.0.21+9-LTS-193, mixed mode, tiered, compressed oops, g1 gc, windows-amd64)
Heap:
 garbage-first heap   total 310272K, used 53104K [0x0000000705200000, 0x0000000800000000)
  region size 1024K, 40 young (40960K), 18 survivors (18432K)
 Metaspace       used 81042K, capacity 83180K, committed 83456K, reserved 1122304K
  class space    used 10304K, capacity 11145K, committed 11264K, reserved 1048576K
GC Heap History (10 events):
Event: 2.116 GC heap before
{Heap before GC invocations=4 (full 0):
 garbage-first heap   total 258048K, used 82814K [0x0000000705200000, 0x0000000800000000)
  region size 1024K, 74 young (75776K), 5 survivors (5120K)
 Metaspace       used 32648K, capacity 33469K, committed 33664K, reserved 1079296K
  class space    used 3831K, capacity 4142K, committed 4224K, reserved 1048576K
}
Event: 2.120 GC heap after
{Heap after GC invocations=5 (full 0):
 garbage-first heap   total 258048K, used 13935K [0x0000000705200000, 0x0000000800000000)
  region size 1024K, 6 young (6144K), 6 survivors (6144K)
 Metaspace       used 32648K, capacity 33469K, committed 33664K, reserved 1079296K
  class space    used 3831K, capacity 4142K, committed 4224K, reserved 1048576K
}
Event: 2.342 GC heap before
{Heap before GC invocations=5 (full 0):
 garbage-first heap   total 258048K, used 31343K [0x0000000705200000, 0x0000000800000000)
  region size 1024K, 24 young (24576K), 6 survivors (6144K)
 Metaspace       used 34877K, capacity 35712K, committed 35840K, reserved 1081344K
  class space    used 4165K, capacity 4487K, committed 4608K, reserved 1048576K
}
Event: 2.348 GC heap after
{Heap after GC invocations=6 (full 0):
 garbage-first heap   total 258048K, used 14785K [0x0000000705200000, 0x0000000800000000)
  region size 1024K, 7 young (7168K), 7 survivors (7168K)
 Metaspace       used 34877K, capacity 35712K, committed 35840K, reserved 1081344K
  class space    used 4165K, capacity 4487K, committed 4608K, reserved 1048576K
}
Event: 4.034 GC heap before
{Heap before GC invocations=7 (full 0):
 garbage-first heap   total 258048K, used 150977K [0x0000000705200000, 0x0000000800000000)
  region size 1024K, 140 young (143360K), 7 survivors (7168K)
 Metaspace       used 51401K, capacity 52744K, committed 53120K, reserved 1095680K
  class space    used 6371K, capacity 6915K, committed 7040K, reserved 1048576K
}
Event: 4.051 GC heap after
{Heap after GC invocations=8 (full 0):
 garbage-first heap   total 310272K, used 21129K [0x0000000705200000, 0x0000000800000000)
  region size 1024K, 13 young (13312K), 13 survivors (13312K)
 Metaspace       used 51401K, capacity 52744K, committed 53120K, reserved 1095680K
  class space    used 6371K, capacity 6915K, committed 7040K, reserved 1048576K
}
Event: 4.717 GC heap before
{Heap before GC invocations=8 (full 0):
 garbage-first heap   total 310272K, used 82569K [0x0000000705200000, 0x0000000800000000)
  region size 1024K, 75 young (76800K), 13 survivors (13312K)
 Metaspace       used 58723K, capacity 60070K, committed 60160K, reserved 1101824K
  class space    used 7462K, capacity 8030K, committed 8064K, reserved 1048576K
}
Event: 4.730 GC heap after
{Heap after GC invocations=9 (full 0):
 garbage-first heap   total 310272K, used 24781K [0x0000000705200000, 0x0000000800000000)
  region size 1024K, 15 young (15360K), 15 survivors (15360K)
 Metaspace       used 58723K, capacity 60070K, committed 60160K, reserved 1101824K
  class space    used 7462K, capacity 8030K, committed 8064K, reserved 1048576K
}
Event: 15.100 GC heap before
{Heap before GC invocations=10 (full 0):
 garbage-first heap   total 310272K, used 185549K [0x0000000705200000, 0x0000000800000000)
  region size 1024K, 172 young (176128K), 15 survivors (15360K)
 Metaspace       used 77916K, capacity 79998K, committed 80128K, reserved 1118208K
  class space    used 9918K, capacity 10743K, committed 10752K, reserved 1048576K
}
Event: 15.114 GC heap after
{Heap after GC invocations=11 (full 0):
 garbage-first heap   total 310272K, used 31600K [0x0000000705200000, 0x0000000800000000)
  region size 1024K, 18 young (18432K), 18 survivors (18432K)
 Metaspace       used 77916K, capacity 79998K, committed 80128K, reserved 1118208K
  class space    used 9918K, capacity 10743K, committed 10752K, reserved 1048576K
}

